<?xml version="1.0" encoding="UTF-8"?>
<!-- Generated by org.testng.reporters.JUnitReportReporter -->
<testsuite hostname="Asus" failures="0" tests="2" name="org.example.GmailLoginTest" time="63.587" errors="0" timestamp="2023-04-14T09:40:01 IST" skipped="0">
  <testcase classname="org.example.GmailLoginTest" name="getTitleFromPage" time="31.856"/>
  <system-out/>
  <testcase classname="org.example.GmailLoginTest" name="getTitleFromPage" time="31.731"/>
  <system-out/>
</testsuite> <!-- org.example.GmailLoginTest -->
